<?xml version="1.0" encoding="UTF-8"?>
<!-- Generated by org.testng.reporters.JUnitReportReporter -->
<testsuite hostname="IN-PG02H8SH" failures="0" tests="1" name="com.test.PlaceOrderTest" time="55.904" errors="0" timestamp="2022-10-07T12:25:40 IST" skipped="0">
  <testcase classname="com.test.PlaceOrderTest" name="placeOrderTest" time="55.904"/>
  <system-out/>
</testsuite> <!-- com.test.PlaceOrderTest -->
