<?xml version="1.0" encoding="UTF-8"?>
<!-- Generated by org.testng.reporters.JUnitReportReporter -->
<testsuite hostname="IN-PG02H8SH" failures="0" tests="1" name="com.test.SignUpPageTest" time="68.387" errors="0" timestamp="2022-10-07T12:25:40 IST" skipped="0">
  <testcase classname="com.test.SignUpPageTest" name="CreateAccount" time="68.387"/>
  <system-out/>
</testsuite> <!-- com.test.SignUpPageTest -->
