<?xml version="1.0" encoding="UTF-8"?>
<!-- Generated by org.testng.reporters.JUnitReportReporter -->
<testsuite hostname="IN-PG02H8SH" failures="0" tests="4" name="com.test.HomePageTest" time="192.676" errors="0" timestamp="2022-10-07T12:25:40 IST" skipped="0">
  <testcase classname="com.test.HomePageTest" name="Verify_Title" time="35.728"/>
  <system-out/>
  <testcase classname="com.test.HomePageTest" name="SearchBoxDisplayed" time="30.032"/>
  <system-out/>
  <testcase classname="com.test.HomePageTest" name="is_Cart_Displayed" time="60.383"/>
  <system-out/>
  <testcase classname="com.test.HomePageTest" name="is_Logo_Displayed" time="66.533"/>
  <system-out/>
</testsuite> <!-- com.test.HomePageTest -->
