<?xml version="1.0" encoding="UTF-8"?>
<!-- Generated by org.testng.reporters.JUnitReportReporter -->
<testsuite hostname="IN-PG02H8SH" failures="0" tests="3" name="com.test.MyProfileTest" time="238.096" errors="0" timestamp="2022-10-07T12:25:40 IST" skipped="0">
  <testcase classname="com.test.MyProfileTest" name="MyProfile_Test" time="44.195"/>
  <system-out/>
  <testcase classname="com.test.MyProfileTest" name="Add_New_Address" time="128.200"/>
  <system-out/>
  <testcase classname="com.test.MyProfileTest" name="Delete_Address" time="65.701"/>
  <system-out/>
</testsuite> <!-- com.test.MyProfileTest -->
