<?xml version="1.0" encoding="UTF-8"?>
<!-- Generated by org.testng.reporters.JUnitReportReporter -->
<testsuite hostname="IN-PG02H8SH" failures="0" tests="2" name="com.test.CartPageTest" time="103.630" errors="0" timestamp="2022-10-07T12:25:40 IST" skipped="0">
  <testcase classname="com.test.CartPageTest" name="GotoCart_Test" time="57.728"/>
  <system-out/>
  <testcase classname="com.test.CartPageTest" name="AddToCart" time="45.902"/>
  <system-out/>
</testsuite> <!-- com.test.CartPageTest -->
