<?xml version="1.0" encoding="UTF-8"?>
<!-- Generated by org.testng.reporters.JUnitReportReporter -->
<testsuite hostname="IN-PG02H8SH" failures="0" tests="2" name="com.test.FilterTest" time="131.618" errors="0" timestamp="2022-10-07T12:25:40 IST" skipped="0">
  <testcase classname="com.test.FilterTest" name="Is_Filter_Available" time="68.287"/>
  <system-out/>
  <testcase classname="com.test.FilterTest" name="Filter_Test" time="63.331"/>
  <system-out/>
</testsuite> <!-- com.test.FilterTest -->
