<?xml version="1.0" encoding="UTF-8"?>
<!-- Generated by org.testng.reporters.JUnitReportReporter -->
<testsuite hostname="IN-PG02H8SH" failures="0" tests="2" name="com.test.SearchPageTest" time="205.811" errors="0" timestamp="2022-10-07T12:25:40 IST" skipped="0">
  <testcase classname="com.test.SearchPageTest" name="SearchItem" time="112.891"/>
  <system-out/>
  <testcase classname="com.test.SearchPageTest" name="FetchTotalProducts" time="92.920"/>
  <system-out/>
</testsuite> <!-- com.test.SearchPageTest -->
